<?xml version="1.0" encoding="UTF-8"?>
<!-- Generated by org.testng.reporters.JUnitReportReporter -->
<testsuite hostname="LAPTOP-SAR5P7K4" failures="0" tests="1" name="confirm001.Confirm003" time="0.009" errors="0" timestamp="2022-09-23T18:20:26 IST" skipped="0">
  <testcase classname="confirm001.Confirm003" name="contact" time="0.009"/>
  <system-out/>
</testsuite> <!-- confirm001.Confirm003 -->
